<?xml version="1.0" encoding="UTF-8"?>
<testsuite xmlns:xsi="http://www.w3.org/2001/XMLSchema-instance" xsi:noNamespaceSchemaLocation="https://maven.apache.org/surefire/maven-surefire-plugin/xsd/surefire-test-report-3.0.xsd" version="3.0" name="TestSuite" time="29.961" tests="1" errors="0" skipped="0" failures="0">
  <properties>
[...]
</properties>
  <testcase name="roundTripDelhiToMumbai" classname="com.goibibo.qa.roundtripTest.goibiboRoundTripTest" time="19.051">
    <system-out><![CDATA[Before navigating to: 'https://www.goibibo.com/'
Navigated to:'https://www.goibibo.com/'
Trying to find Element By : By.id: roundTrip
Found Element By : By.id: roundTrip
Trying to click on: [[ChromeDriver: chrome on WINDOWS (3c96e8d994ed8da509b2ce479529302c)] -> id: roundTrip]
Clicked on: [[ChromeDriver: chrome on WINDOWS (3c96e8d994ed8da509b2ce479529302c)] -> id: roundTrip]
Trying to find Element By : By.id: gosuggest_inputSrc
Found Element By : By.id: gosuggest_inputSrc
Trying to find Element By : By.id: react-autosuggest-1-suggestion--0
Found Element By : By.id: react-autosuggest-1-suggestion--0
Trying to click on: [[ChromeDriver: chrome on WINDOWS (3c96e8d994ed8da509b2ce479529302c)] -> id: react-autosuggest-1-suggestion--0]
Clicked on: [[ChromeDriver: chrome on WINDOWS (3c96e8d994ed8da509b2ce479529302c)] -> id: react-autosuggest-1-suggestion--0]
Trying to find Element By : By.id: gosuggest_inputDest
Found Element By : By.id: gosuggest_inputDest
Trying to find Element By : By.id: react-autosuggest-1-suggestion--0
Found Element By : By.id: react-autosuggest-1-suggestion--0
Trying to click on: [[ChromeDriver: chrome on WINDOWS (3c96e8d994ed8da509b2ce479529302c)] -> id: react-autosuggest-1-suggestion--0]
Clicked on: [[ChromeDriver: chrome on WINDOWS (3c96e8d994ed8da509b2ce479529302c)] -> id: react-autosuggest-1-suggestion--0]
Trying to find Element By : By.cssSelector: .DayPicker-NavButton.DayPicker-NavButton--next
Found Element By : By.cssSelector: .DayPicker-NavButton.DayPicker-NavButton--next
Trying to click on: [[ChromeDriver: chrome on WINDOWS (3c96e8d994ed8da509b2ce479529302c)] -> css selector: .DayPicker-NavButton.DayPicker-NavButton--next]
Clicked on: [[ChromeDriver: chrome on WINDOWS (3c96e8d994ed8da509b2ce479529302c)] -> css selector: .DayPicker-NavButton.DayPicker-NavButton--next]
Trying to find Element By : By.id: fare_20200916
Found Element By : By.id: fare_20200916
Trying to click on: [[ChromeDriver: chrome on WINDOWS (3c96e8d994ed8da509b2ce479529302c)] -> id: fare_20200916]
Clicked on: [[ChromeDriver: chrome on WINDOWS (3c96e8d994ed8da509b2ce479529302c)] -> id: fare_20200916]
Trying to find Element By : By.id: fare_20200928
Found Element By : By.id: fare_20200928
Trying to click on: [[ChromeDriver: chrome on WINDOWS (3c96e8d994ed8da509b2ce479529302c)] -> id: fare_20200928]
Clicked on: [[ChromeDriver: chrome on WINDOWS (3c96e8d994ed8da509b2ce479529302c)] -> id: fare_20200928]
Trying to find Element By : By.id: gi_search_btn
Found Element By : By.id: gi_search_btn
Trying to click on: [[ChromeDriver: chrome on WINDOWS (3c96e8d994ed8da509b2ce479529302c)] -> id: gi_search_btn]
Clicked on: [[ChromeDriver: chrome on WINDOWS (3c96e8d994ed8da509b2ce479529302c)] -> id: gi_search_btn]
Trying to find Element By : By.cssSelector: .ico13.icon-arrow2-up.hpyBlueLt 
Found Element By : By.cssSelector: .ico13.icon-arrow2-up.hpyBlueLt 
Trying to click on: [[ChromeDriver: chrome on WINDOWS (3c96e8d994ed8da509b2ce479529302c)] -> css selector: .ico13.icon-arrow2-up.hpyBlueLt ]
Clicked on: [[ChromeDriver: chrome on WINDOWS (3c96e8d994ed8da509b2ce479529302c)] -> css selector: .ico13.icon-arrow2-up.hpyBlueLt ]
Trying to find Element By : By.xpath: //div[1]/div/div[1]/div/div[2]/div[2]/div/span[2]/label
Found Element By : By.xpath: //div[1]/div/div[1]/div/div[2]/div[2]/div/span[2]/label
Trying to click on: [[ChromeDriver: chrome on WINDOWS (3c96e8d994ed8da509b2ce479529302c)] -> xpath: //div[1]/div/div[1]/div/div[2]/div[2]/div/span[2]/label]
Clicked on: [[ChromeDriver: chrome on WINDOWS (3c96e8d994ed8da509b2ce479529302c)] -> xpath: //div[1]/div/div[1]/div/div[2]/div[2]/div/span[2]/label]
Trying to find Element By : By.cssSelector: .ico13.icon-arrow2-up.hpyBlueLt
Found Element By : By.cssSelector: .ico13.icon-arrow2-up.hpyBlueLt
Trying to click on: [[ChromeDriver: chrome on WINDOWS (3c96e8d994ed8da509b2ce479529302c)] -> css selector: .ico13.icon-arrow2-up.hpyBlueLt]
Clicked on: [[ChromeDriver: chrome on WINDOWS (3c96e8d994ed8da509b2ce479529302c)] -> css selector: .ico13.icon-arrow2-up.hpyBlueLt]
Trying to find Element By : By.xpath: //div[2]/div/div[1]/div/div[2]/div[2]/div/span[2]/label
Found Element By : By.xpath: //div[2]/div/div[1]/div/div[2]/div[2]/div/span[2]/label
Trying to click on: [[ChromeDriver: chrome on WINDOWS (3c96e8d994ed8da509b2ce479529302c)] -> xpath: //div[2]/div/div[1]/div/div[2]/div[2]/div/span[2]/label]
Clicked on: [[ChromeDriver: chrome on WINDOWS (3c96e8d994ed8da509b2ce479529302c)] -> xpath: //div[2]/div/div[1]/div/div[2]/div[2]/div/span[2]/label]
Trying to find Element By : By.cssSelector: .button.fr.fltbook.fb.widthF105.quicks.fb
Found Element By : By.cssSelector: .button.fr.fltbook.fb.widthF105.quicks.fb
Trying to click on: [[ChromeDriver: chrome on WINDOWS (3c96e8d994ed8da509b2ce479529302c)] -> css selector: .button.fr.fltbook.fb.widthF105.quicks.fb]
Clicked on: [[ChromeDriver: chrome on WINDOWS (3c96e8d994ed8da509b2ce479529302c)] -> css selector: .button.fr.fltbook.fb.widthF105.quicks.fb]
Enter passinger Details:  
Trying to find Element By : By.id: Adulttitle1
Found Element By : By.id: Adulttitle1
Trying to find Element By : By.xpath: .//option[normalize-space(.) = "Mr"]
Found Element By : By.xpath: .//option[normalize-space(.) = "Mr"]
Trying to click on: [[[[ChromeDriver: chrome on WINDOWS (3c96e8d994ed8da509b2ce479529302c)] -> id: Adulttitle1]] -> xpath: .//option[normalize-space(.) = "Mr"]]
Clicked on: [[[[ChromeDriver: chrome on WINDOWS (3c96e8d994ed8da509b2ce479529302c)] -> id: Adulttitle1]] -> xpath: .//option[normalize-space(.) = "Mr"]]
Mr title is selected in the dropdown
Trying to find Element By : By.id: AdultfirstName1
Found Element By : By.id: AdultfirstName1
Ram firstname is entered
Trying to find Element By : By.id: AdultmiddleName1
Found Element By : By.id: AdultmiddleName1
krishna middleName is entered
Trying to find Element By : By.id: AdultlastName1
Found Element By : By.id: AdultlastName1
venkatalastName is entered
Trying to find Element By : By.id: email
Found Element By : By.id: email
ram@gmail.com emailID is entered
Trying to find Element By : By.id: mobile
Found Element By : By.id: mobile
7878787878 mobile number is entered
Travel Protection
Trying to find Element By : By.cssSelector: .fr.leadCheck.ins_chk.marginT10
Found Element By : By.cssSelector: .fr.leadCheck.ins_chk.marginT10
Trying to click on: [[ChromeDriver: chrome on WINDOWS (3c96e8d994ed8da509b2ce479529302c)] -> css selector: .fr.leadCheck.ins_chk.marginT10]
Clicked on: [[ChromeDriver: chrome on WINDOWS (3c96e8d994ed8da509b2ce479529302c)] -> css selector: .fr.leadCheck.ins_chk.marginT10]
Trying to find Element By : By.cssSelector: #travellerForm >div>button
Found Element By : By.cssSelector: #travellerForm >div>button
Trying to click on: [[ChromeDriver: chrome on WINDOWS (3c96e8d994ed8da509b2ce479529302c)] -> css selector: #travellerForm >div>button]
Clicked on: [[ChromeDriver: chrome on WINDOWS (3c96e8d994ed8da509b2ce479529302c)] -> css selector: #travellerForm >div>button]
Trying to find Element By : By.cssSelector: .dF.padT20>button
Found Element By : By.cssSelector: .dF.padT20>button
Trying to click on: [[ChromeDriver: chrome on WINDOWS (3c96e8d994ed8da509b2ce479529302c)] -> css selector: .dF.padT20>button]
Clicked on: [[ChromeDriver: chrome on WINDOWS (3c96e8d994ed8da509b2ce479529302c)] -> css selector: .dF.padT20>button]
Trying to find Element By : By.xpath: //span[@class='ico16 quicks f700']
Found Element By : By.xpath: //span[@class='ico16 quicks f700']
Trying to click on: [[ChromeDriver: chrome on WINDOWS (3c96e8d994ed8da509b2ce479529302c)] -> xpath: //span[@class='ico16 quicks f700']]
Clicked on: [[ChromeDriver: chrome on WINDOWS (3c96e8d994ed8da509b2ce479529302c)] -> xpath: //span[@class='ico16 quicks f700']]
Trying to find Element By : By.id: tab_wallet
Found Element By : By.id: tab_wallet
Trying to click on: [[ChromeDriver: chrome on WINDOWS (3c96e8d994ed8da509b2ce479529302c)] -> id: tab_wallet]
Clicked on: [[ChromeDriver: chrome on WINDOWS (3c96e8d994ed8da509b2ce479529302c)] -> id: tab_wallet]
Trying to find Element By : By.cssSelector: #walletPayNow > div > button
Found Element By : By.cssSelector: #walletPayNow > div > button
Trying to click on: [[ChromeDriver: chrome on WINDOWS (3c96e8d994ed8da509b2ce479529302c)] -> css selector: #walletPayNow > div > button]
Clicked on: [[ChromeDriver: chrome on WINDOWS (3c96e8d994ed8da509b2ce479529302c)] -> css selector: #walletPayNow > div > button]
]]></system-out>
    <system-err><![CDATA[Starting ChromeDriver 84.0.4147.30 (48b3e868b4cc0aa7e8149519690b6f6949e110a8-refs/branch-heads/4147@{#310}) on port 19874
Only local connections are allowed.
Please see https://chromedriver.chromium.org/security-considerations for suggestions on keeping ChromeDriver safe.
ChromeDriver was started successfully.
Aug 20, 2020 11:28:07 PM org.openqa.selenium.remote.ProtocolHandshake createSession
INFO: Detected dialect: W3C
]]></system-err>
  </testcase>
</testsuite>