<?xml version="1.0" encoding="UTF-8"?>
<testng-results ignored="0" total="1" passed="0" failed="1" skipped="0">
  <reporter-output>
  </reporter-output>
  <suite started-at="2020-08-20T16:21:17 IST" name="Goibibo Automation Test" finished-at="2020-08-20T16:21:42 IST" duration-ms="25160">
    <groups>
    </groups>
    <test started-at="2020-08-20T16:21:17 IST" name="Goibibo" finished-at="2020-08-20T16:21:42 IST" duration-ms="25160">
      <class name="com.goibibo.qa.roundtripTest.GoibiboRoundTripTest">
        <test-method is-config="true" signature="SetUp()[pri:0, instance:com.goibibo.qa.roundtripTest.GoibiboRoundTripTest@1f3f4916]" started-at="2020-08-20T16:21:17 IST" name="SetUp" finished-at="2020-08-20T16:21:33 IST" duration-ms="15820" status="PASS">
          <reporter-output>
          </reporter-output>
        </test-method> <!-- SetUp -->
        <test-method signature="roundTripDelhiToMumbai()[pri:1, instance:com.goibibo.qa.roundtripTest.GoibiboRoundTripTest@1f3f4916]" started-at="2020-08-20T16:21:33 IST" name="roundTripDelhiToMumbai" finished-at="2020-08-20T16:21:42 IST" duration-ms="9156" status="FAIL">
          <exception class="java.lang.NullPointerException">
            <full-stacktrace>
              <![CDATA[java.lang.NullPointerException
at org.openqa.selenium.support.ui.Quotes.escape(Quotes.java:42)
at org.openqa.selenium.support.ui.Select.selectByVisibleText(Select.java:113)
at com.goibibo.qa.pages.CreatePassingersPage.fillPassingerDetails(CreatePassingersPage.java:45)
at com.goibibo.qa.roundtripTest.GoibiboRoundTripTest.roundTripDelhiToMumbai(GoibiboRoundTripTest.java:51)
at java.base/jdk.internal.reflect.NativeMethodAccessorImpl.invoke0(Native Method)
at java.base/jdk.internal.reflect.NativeMethodAccessorImpl.invoke(NativeMethodAccessorImpl.java:62)
at java.base/jdk.internal.reflect.DelegatingMethodAccessorImpl.invoke(DelegatingMethodAccessorImpl.java:43)
at java.base/java.lang.reflect.Method.invoke(Method.java:564)
at org.testng.internal.MethodInvocationHelper.invokeMethod(MethodInvocationHelper.java:135)
at org.testng.internal.TestInvoker.invokeMethod(TestInvoker.java:598)
at org.testng.internal.TestInvoker.invokeTestMethod(TestInvoker.java:174)
at org.testng.internal.MethodRunner.runInSequence(MethodRunner.java:46)
at org.testng.internal.TestInvoker$MethodInvocationAgent.invoke(TestInvoker.java:821)
at org.testng.internal.TestInvoker.invokeTestMethods(TestInvoker.java:147)
at org.testng.internal.TestMethodWorker.invokeTestMethods(TestMethodWorker.java:146)
at org.testng.internal.TestMethodWorker.run(TestMethodWorker.java:128)
at java.base/java.util.ArrayList.forEach(ArrayList.java:1510)
at org.testng.TestRunner.privateRun(TestRunner.java:767)
at org.testng.TestRunner.run(TestRunner.java:588)
at org.testng.SuiteRunner.runTest(SuiteRunner.java:384)
at org.testng.SuiteRunner.runSequentially(SuiteRunner.java:378)
at org.testng.SuiteRunner.privateRun(SuiteRunner.java:337)
at org.testng.SuiteRunner.run(SuiteRunner.java:286)
at org.testng.SuiteRunnerWorker.runSuite(SuiteRunnerWorker.java:53)
at org.testng.SuiteRunnerWorker.run(SuiteRunnerWorker.java:96)
at org.testng.TestNG.runSuitesSequentially(TestNG.java:1214)
at org.testng.TestNG.runSuitesLocally(TestNG.java:1136)
at org.testng.TestNG.runSuites(TestNG.java:1066)
at org.testng.TestNG.run(TestNG.java:1034)
at org.testng.remote.AbstractRemoteTestNG.run(AbstractRemoteTestNG.java:115)
at org.testng.remote.RemoteTestNG.initAndRun(RemoteTestNG.java:251)
at org.testng.remote.RemoteTestNG.main(RemoteTestNG.java:77)
]]>
            </full-stacktrace>
          </exception> <!-- java.lang.NullPointerException -->
          <reporter-output>
          </reporter-output>
        </test-method> <!-- roundTripDelhiToMumbai -->
      </class> <!-- com.goibibo.qa.roundtripTest.GoibiboRoundTripTest -->
    </test> <!-- Goibibo -->
  </suite> <!-- Goibibo Automation Test -->
</testng-results>
