<?xml version="1.0" encoding="UTF-8"?>
<testng-results ignored="0" total="1" passed="1" failed="0" skipped="0">
  <reporter-output>
  </reporter-output>
  <suite started-at="2020-08-20T23:28:03 IST" name="Goibibo Automation Test" finished-at="2020-08-20T23:28:32 IST" duration-ms="29224">
    <groups>
    </groups>
    <test started-at="2020-08-20T23:28:03 IST" name="Goibibo" finished-at="2020-08-20T23:28:32 IST" duration-ms="29224">
      <class name="com.goibibo.qa.roundtripTest.goibiboRoundTripTest">
        <test-method is-config="true" signature="SetUp()[pri:0, instance:com.goibibo.qa.roundtripTest.goibiboRoundTripTest@a4102b8]" started-at="2020-08-20T23:28:03 IST" name="SetUp" finished-at="2020-08-20T23:28:14 IST" duration-ms="10475" status="PASS">
          <reporter-output>
          </reporter-output>
        </test-method> <!-- SetUp -->
        <test-method signature="roundTripDelhiToMumbai()[pri:1, instance:com.goibibo.qa.roundtripTest.goibiboRoundTripTest@a4102b8]" started-at="2020-08-20T23:28:14 IST" name="roundTripDelhiToMumbai" finished-at="2020-08-20T23:28:32 IST" duration-ms="18716" status="PASS">
          <reporter-output>
          </reporter-output>
        </test-method> <!-- roundTripDelhiToMumbai -->
      </class> <!-- com.goibibo.qa.roundtripTest.goibiboRoundTripTest -->
    </test> <!-- Goibibo -->
  </suite> <!-- Goibibo Automation Test -->
</testng-results>
