<?xml version="1.0" encoding="UTF-8"?>
<!-- Generated by org.testng.reporters.JUnitXMLReporter -->
<testsuite ignored="0" hostname="LAPTOP-2M6SULJS" failures="1" tests="1" name="Goibibo" time="25.16" errors="0" timestamp="2020-08-20T16:21:42 IST">
  <testcase classname="com.goibibo.qa.roundtripTest.GoibiboRoundTripTest" name="roundTripDelhiToMumbai" time="9.156">
    <failure type="java.lang.NullPointerException">
      <![CDATA[java.lang.NullPointerException
at org.openqa.selenium.support.ui.Quotes.escape(Quotes.java:42)
at org.openqa.selenium.support.ui.Select.selectByVisibleText(Select.java:113)
at com.goibibo.qa.pages.CreatePassingersPage.fillPassingerDetails(CreatePassingersPage.java:45)
at com.goibibo.qa.roundtripTest.GoibiboRoundTripTest.roundTripDelhiToMumbai(GoibiboRoundTripTest.java:51)
at java.base/java.util.ArrayList.forEach(ArrayList.java:1510)
... Removed 27 stack frames]]>
    </failure>
  </testcase> <!-- roundTripDelhiToMumbai -->
</testsuite> <!-- Goibibo -->
